INFO: 2025/08/15 16:19:32 main.go:49: Application starting...
INFO: 2025/08/15 16:20:57 main.go:49: Application starting...
INFO: 2025/08/15 16:23:01 main.go:49: Application starting...
ERROR: 2025/08/15 16:23:08 api_container.go:27: Get container detail failed. Error response from daemon: No such container: 123
ERROR: 2025/08/15 16:24:15 api_container.go:27: Get container detail failed. Error response from daemon: No such container: 1f0a8e75ef258b48bcc4b5a4b4552518372125c405caee7d13d133afa13b9448
INFO: 2025/08/15 17:07:30 main.go:49: Application starting...
INFO: 2025/08/15 17:24:19 main.go:49: Application starting...
INFO: 2025/08/15 17:25:46 main.go:49: Application starting...
INFO: 2025/08/15 17:31:27 main.go:49: Application starting...
INFO: 2025/08/15 17:42:12 main.go:49: Application starting...
INFO: 2025/08/15 17:44:31 main.go:49: Application starting...
INFO: 2025/08/15 17:49:05 main.go:49: Application starting...
INFO: 2025/08/15 17:49:39 main.go:49: Application starting...
INFO: 2025/08/15 17:51:34 main.go:49: Application starting...
INFO: 2025/08/15 18:03:31 main.go:49: Application starting...
INFO: 2025/08/15 18:04:45 main.go:49: Application starting...
INFO: 2025/08/15 18:10:40 main.go:49: Application starting...
INFO: 2025/08/15 18:12:51 main.go:49: Application starting...
INFO: 2025/08/15 18:20:35 main.go:49: Application starting...
INFO: 2025/08/15 18:21:40 main.go:49: Application starting...
INFO: 2025/08/15 18:30:15 main.go:49: Application starting...
INFO: 2025/08/15 18:32:25 main.go:49: Application starting...
INFO: 2025/08/15 18:36:54 main.go:49: Application starting...
INFO: 2025/08/15 18:37:17 main.go:49: Application starting...
INFO: 2025/08/15 18:38:34 main.go:49: Application starting...
INFO: 2025/08/15 18:46:13 main.go:49: Application starting...
INFO: 2025/08/15 18:51:04 main.go:49: Application starting...
INFO: 2025/08/15 19:06:25 main.go:49: Application starting...
INFO: 2025/08/15 19:25:52 main.go:49: Application starting...
INFO: 2025/08/15 19:26:50 main.go:49: Application starting...
INFO: 2025/08/16 05:41:58 main.go:49: Application starting...
INFO: 2025/08/16 05:43:23 main.go:49: Application starting...
INFO: 2025/08/16 08:48:57 main.go:49: Application starting...
INFO: 2025/08/16 08:50:12 main.go:49: Application starting...
INFO: 2025/08/16 08:54:11 main.go:49: Application starting...
INFO: 2025/08/16 09:30:42 main.go:49: Application starting...
INFO: 2025/08/16 09:32:39 main.go:49: Application starting...
INFO: 2025/08/16 09:33:05 main.go:49: Application starting...
INFO: 2025/08/16 09:36:29 main.go:49: Application starting...
INFO: 2025/08/16 09:50:25 main.go:49: Application starting...
INFO: 2025/08/16 09:53:49 main.go:49: Application starting...
INFO: 2025/08/16 09:54:52 main.go:49: Application starting...
INFO: 2025/08/16 09:55:45 main.go:49: Application starting...
INFO: 2025/08/16 09:56:43 main.go:49: Application starting...
INFO: 2025/08/16 09:57:40 main.go:49: Application starting...
INFO: 2025/08/16 09:59:34 main.go:49: Application starting...
INFO: 2025/08/16 10:00:51 main.go:49: Application starting...
INFO: 2025/08/16 10:01:32 main.go:49: Application starting...
INFO: 2025/08/16 10:03:25 main.go:49: Application starting...
INFO: 2025/08/16 10:06:40 main.go:49: Application starting...
INFO: 2025/08/16 10:07:04 main.go:49: Application starting...
INFO: 2025/08/16 10:10:41 main.go:49: Application starting...
INFO: 2025/08/16 10:13:27 main.go:49: Application starting...
INFO: 2025/08/16 10:14:16 main.go:49: Application starting...
INFO: 2025/08/16 10:16:27 main.go:49: Application starting...
INFO: 2025/08/16 10:17:21 main.go:49: Application starting...
INFO: 2025/08/16 10:20:23 main.go:49: Application starting...
INFO: 2025/08/16 10:24:30 main.go:49: Application starting...
INFO: 2025/08/16 10:28:42 main.go:49: Application starting...
INFO: 2025/08/16 10:41:20 main.go:49: Application starting...
INFO: 2025/08/16 11:38:09 main.go:49: Application starting...
INFO: 2025/08/16 11:38:36 main.go:49: Application starting...
INFO: 2025/08/16 11:41:35 main.go:49: Application starting...
INFO: 2025/08/16 11:42:04 main.go:49: Application starting...
INFO: 2025/08/16 13:12:12 main.go:49: Application starting...
INFO: 2025/08/16 13:12:49 main.go:49: Application starting...
INFO: 2025/08/16 13:13:22 main.go:49: Application starting...
INFO: 2025/08/16 13:23:02 main.go:49: Application starting...
INFO: 2025/08/16 14:24:28 main.go:49: Application starting...
INFO: 2025/08/16 14:30:43 main.go:49: Application starting...
INFO: 2025/08/16 16:41:12 main.go:49: Application starting...
INFO: 2025/08/16 16:45:01 main.go:49: Application starting...
INFO: 2025/08/16 16:45:31 main.go:49: Application starting...
INFO: 2025/08/16 16:46:10 main.go:49: Application starting...
INFO: 2025/08/16 16:57:00 main.go:49: Application starting...
INFO: 2025/08/16 17:01:18 main.go:49: Application starting...
INFO: 2025/08/23 11:54:10 main.go:49: Application starting...
INFO: 2025/08/23 12:05:13 main.go:49: Application starting...
INFO: 2025/08/23 12:08:45 main.go:49: Application starting...
INFO: 2025/08/23 12:09:57 main.go:49: Application starting...
INFO: 2025/08/23 12:11:27 main.go:49: Application starting...
INFO: 2025/08/23 12:14:06 main.go:49: Application starting...
INFO: 2025/08/23 12:19:00 main.go:49: Application starting...
INFO: 2025/08/23 12:21:25 main.go:49: Application starting...
INFO: 2025/08/23 12:21:43 main.go:49: Application starting...
INFO: 2025/08/23 12:23:19 main.go:49: Application starting...
INFO: 2025/08/23 12:25:49 main.go:49: Application starting...
INFO: 2025/08/23 12:29:35 main.go:49: Application starting...
INFO: 2025/08/23 12:30:20 main.go:49: Application starting...
INFO: 2025/08/23 12:31:08 main.go:49: Application starting...
INFO: 2025/08/23 12:35:55 main.go:49: Application starting...
INFO: 2025/08/23 12:36:53 main.go:49: Application starting...
INFO: 2025/08/23 12:38:39 main.go:49: Application starting...
INFO: 2025/08/23 12:39:57 main.go:49: Application starting...
INFO: 2025/08/23 12:41:19 main.go:49: Application starting...
INFO: 2025/08/23 12:42:29 main.go:49: Application starting...
INFO: 2025/08/23 12:45:19 main.go:49: Application starting...
INFO: 2025/08/23 12:45:55 main.go:49: Application starting...
INFO: 2025/08/23 12:46:20 main.go:49: Application starting...
INFO: 2025/08/23 12:47:11 main.go:49: Application starting...
INFO: 2025/08/23 12:47:48 main.go:49: Application starting...
INFO: 2025/08/23 12:49:03 main.go:50: Application starting...
INFO: 2025/08/23 12:50:17 main.go:50: Application starting...
INFO: 2025/08/23 12:51:06 main.go:50: Application starting...
INFO: 2025/08/23 12:51:25 main.go:50: Application starting...
INFO: 2025/08/23 12:53:27 main.go:50: Application starting...
INFO: 2025/08/23 12:54:25 main.go:50: Application starting...
INFO: 2025/08/23 12:58:27 main.go:50: Application starting...
INFO: 2025/08/23 12:59:42 main.go:52: Application starting...
INFO: 2025/08/23 13:03:55 main.go:52: Application starting...
INFO: 2025/08/24 04:45:16 main.go:52: Application starting...
INFO: 2025/08/26 14:53:19 main.go:52: Application starting...
INFO: 2025/08/26 16:29:10 main.go:52: Application starting...
INFO: 2025/08/26 16:30:23 main.go:52: Application starting...
INFO: 2025/08/30 03:24:59 main.go:52: Application starting...
INFO: 2025/08/30 06:00:14 main.go:52: Application starting...
INFO: 2025/08/30 07:18:31 main.go:52: Application starting...
INFO: 2025/08/30 07:37:19 main.go:52: Application starting...
INFO: 2025/08/30 07:47:05 main.go:52: Application starting...
INFO: 2025/08/30 07:48:14 main.go:52: Application starting...
INFO: 2025/08/30 14:46:08 main.go:52: Application starting...
INFO: 2025/08/30 14:55:27 main.go:52: Application starting...
INFO: 2025/08/31 05:57:46 main.go:52: Application starting...
ERROR: 2025/08/31 06:00:39 api_container.go:112: Remove container detail failed. Error response from daemon: No such container: 71e4f5963f1a89836a4f151ea4932e124a40766ccc3d2670cbd473e3cc4f4d8b
INFO: 2025/08/31 06:02:16 main.go:52: Application starting...
ERROR: 2025/08/31 06:02:21 api_container.go:112: Copy to container detail failed. Error response from daemon: No such container: 71e4f5963f1a89836a4f151ea4932e124a40766ccc3d2670cbd473e3cc4f4d8b
ERROR: 2025/08/31 06:02:44 api_container.go:112: Copy to container detail failed. Error response from daemon: Could not find the file /app in container e9f82c3a0a8158fa61787b871331f56e2eb4cdf92dcc39439b9b998ccc4c5b43
INFO: 2025/08/31 06:04:19 main.go:52: Application starting...
INFO: 2025/08/31 06:10:32 main.go:52: Application starting...
INFO: 2025/08/31 06:11:29 main.go:52: Application starting...
INFO: 2025/08/31 06:12:07 main.go:52: Application starting...
INFO: 2025/08/31 06:13:27 main.go:52: Application starting...
INFO: 2025/08/31 06:14:54 main.go:52: Application starting...
INFO: 2025/08/31 06:15:52 main.go:52: Application starting...
INFO: 2025/08/31 06:20:48 main.go:52: Application starting...
INFO: 2025/08/31 06:21:14 main.go:52: Application starting...
INFO: 2025/09/02 08:51:34 main.go:52: Application starting...
INFO: 2025/09/02 09:30:01 main.go:52: Application starting...
INFO: 2025/09/02 09:32:14 main.go:52: Application starting...
ERROR: 2025/09/02 09:32:16 api_container.go:141: Log the container detail failed. Error response from daemon: No such container: 94e8c2da0755a89ced2823f7b5d7c5918d94065a5887dc89480eb2c11838d5de%0A
INFO: 2025/09/02 09:33:48 main.go:52: Application starting...
ERROR: 2025/09/02 09:33:52 api_container.go:142: Log the container detail failed. Error response from daemon: No such container: 94e8c2da0755a89ced2823f7b5d7c5918d94065a5887dc89480eb2c11838d5de%0A
ERROR: 2025/09/02 09:34:30 api_container.go:142: Log the container detail failed. Error response from daemon: No such container: 94e8c2da0755a89ced282%0A
INFO: 2025/09/02 09:37:31 main.go:52: Application starting...
INFO: 2025/09/02 09:47:44 main.go:52: Application starting...
INFO: 2025/09/02 09:49:01 main.go:52: Application starting...
INFO: 2025/09/05 06:07:26 main.go:52: Application starting...
INFO: 2025/09/05 06:11:27 main.go:52: Application starting...
INFO: 2025/09/05 06:15:36 main.go:52: Application starting...
INFO: 2025/09/05 06:15:51 main.go:52: Application starting...
INFO: 2025/09/05 06:32:31 main.go:52: Application starting...
INFO: 2025/09/05 06:35:48 main.go:52: Application starting...
INFO: 2025/09/05 06:37:43 main.go:52: Application starting...
